<?xml version="1.0" encoding="UTF-8"?>
<testsuite name="com.pettalk.PettalkApplicationTests" tests="1" skipped="0" failures="0" errors="0" timestamp="2023-10-16T18:22:24" hostname="DESKTOP-TRE1UL7" time="0.016">
  <properties/>
  <testcase name="contextLoads()" classname="com.pettalk.PettalkApplicationTests" time="0.016"/>
  <system-out><![CDATA[]]></system-out>
  <system-err><![CDATA[]]></system-err>
</testsuite>
